c:\users\geo\documents\visual studio 2013\projects\batalhanaval\batalhanaval\debug\batalhanaval.myform.resources
c:\users\geo\documents\visual studio 2013\projects\batalhanaval\batalhanaval\debug\batalhanaval.telaiinstrucao.resources
c:\users\geo\documents\visual studio 2013\projects\batalhanaval\batalhanaval\debug\batalhanaval.telajogo.resources
c:\users\geo\documents\visual studio 2013\projects\batalhanaval\batalhanaval\debug\batalhanaval.telasobre.resources
c:\users\geo\documents\visual studio 2013\projects\batalhanaval\batalhanaval\debug\vc120.pdb
c:\users\geo\documents\visual studio 2013\projects\batalhanaval\batalhanaval\debug\myform.obj
c:\users\geo\documents\visual studio 2013\projects\batalhanaval\batalhanaval\debug\telasobre.obj
c:\users\geo\documents\visual studio 2013\projects\batalhanaval\batalhanaval\debug\telajogo.obj
c:\users\geo\documents\visual studio 2013\projects\batalhanaval\batalhanaval\debug\telaiinstrucao.obj
c:\users\geo\documents\visual studio 2013\projects\batalhanaval\batalhanaval\debug\.netframework,version=v4.0.assemblyattributes.obj
c:\users\geo\documents\visual studio 2013\projects\batalhanaval\debug\batalhanaval.exe
c:\users\geo\documents\visual studio 2013\projects\batalhanaval\debug\batalhanaval.pdb
c:\users\geo\documents\visual studio 2013\projects\batalhanaval\batalhanaval\debug\batalhanaval.tlog\metagen.write.1.tlog
c:\users\geo\documents\visual studio 2013\projects\batalhanaval\batalhanaval\debug\batalhanaval.vcxproj.generateresource.cache
c:\users\geo\documents\visual studio 2013\projects\batalhanaval\batalhanaval\debug\batalhanaval.vcxproj.resolvecomreference.cache
c:\users\geo\documents\visual studio 2013\projects\batalhanaval\batalhanaval\debug\batalhanaval.vcxprojresolveassemblyreference.cache
c:\users\geo\documents\visual studio 2013\projects\batalhanaval\batalhanaval\debug\batalhanaval.tlog\batalhanaval.write.1u.tlog
c:\users\geo\documents\visual studio 2013\projects\batalhanaval\batalhanaval\debug\batalhanaval.tlog\cl.command.1.tlog
c:\users\geo\documents\visual studio 2013\projects\batalhanaval\batalhanaval\debug\batalhanaval.tlog\cl.read.1.tlog
c:\users\geo\documents\visual studio 2013\projects\batalhanaval\batalhanaval\debug\batalhanaval.tlog\cl.write.1.tlog
c:\users\geo\documents\visual studio 2013\projects\batalhanaval\batalhanaval\debug\batalhanaval.tlog\link.command.1.tlog
c:\users\geo\documents\visual studio 2013\projects\batalhanaval\batalhanaval\debug\batalhanaval.tlog\link.read.1.tlog
c:\users\geo\documents\visual studio 2013\projects\batalhanaval\batalhanaval\debug\batalhanaval.tlog\link.write.1.tlog
c:\users\geo\documents\visual studio 2013\projects\batalhanaval\batalhanaval\debug\batalhanaval.tlog\metagen.read.1.tlog
c:\users\geo\documents\visual studio 2013\projects\batalhanaval\batalhanaval\debug\batalhanaval.tlog\axinterop.wmplib.1.0.dll.metagen
c:\users\geo\documents\visual studio 2013\projects\batalhanaval\batalhanaval\debug\batalhanaval.tlog\interop.wmplib.1.0.dll.metagen
c:\users\geo\documents\visual studio 2013\projects\batalhanaval\batalhanaval\debug\batalhanaval.tlog\tzres.dll.bi
